Release 13.1 Xflow O.40d (nt)
Copyright (c) 1995-2011 Xilinx, Inc.  All rights reserved.
xflow.exe -wd implementation -p xc6slx45tfgg484-3 -implement xflow.opt
system.ngc  
PMSPEC -- Overriding Xilinx file
<C:/Xilinx/13.1/ISE_DS/EDK/spartan6/data/spartan6.acd> with local file
<C:/Xilinx/13.1/ISE_DS/ISE/spartan6/data/spartan6.acd>

Using Flow File: D:/Pavan_FPGA_Projects/Prj_simprof/implementation/fpga.flw 
Using Option File(s): 
 D:/Pavan_FPGA_Projects/Prj_simprof/implementation/xflow.opt 

Creating Script File ... 

#----------------------------------------------#
# Starting program ngdbuild
# ngdbuild -p xc6slx45tfgg484-3 -nt timestamp -bm system.bmm
"D:/Pavan_FPGA_Projects/Prj_simprof/implementation/system.ngc" -uc system.ucf
system.ngd 
#----------------------------------------------#
Release 13.1 - ngdbuild O.40d (nt)
Copyright (c) 1995-2011 Xilinx, Inc.  All rights reserved.
PMSPEC -- Overriding Xilinx file
<C:/Xilinx/13.1/ISE_DS/EDK/spartan6/data/spartan6.acd> with local file
<C:/Xilinx/13.1/ISE_DS/ISE/spartan6/data/spartan6.acd>

Command Line: C:\Xilinx\13.1\ISE_DS\ISE\bin\nt\unwrapped\ngdbuild.exe -p
xc6slx45tfgg484-3 -nt timestamp -bm system.bmm
D:/Pavan_FPGA_Projects/Prj_simprof/implementation/system.ngc -uc system.ucf
system.ngd

Reading NGO file "D:/Pavan_FPGA_Projects/Prj_simprof/implementation/system.ngc"
...
Loading design module
"D:/Pavan_FPGA_Projects/Prj_simprof/implementation/rs232_uart_1_wrapper.ngc"...
Loading design module
"D:/Pavan_FPGA_Projects/Prj_simprof/implementation/clock_generator_0_wrapper.ngc
"...
Loading design module
"D:/Pavan_FPGA_Projects/Prj_simprof/implementation/proc_sys_reset_0_wrapper.ngc"
...
Loading design module
"D:/Pavan_FPGA_Projects/Prj_simprof/implementation/microblaze_0_wrapper.ngc"...
Loading design module
"D:/Pavan_FPGA_Projects/Prj_simprof/implementation/mb_plb_wrapper.ngc"...
Loading design module
"D:/Pavan_FPGA_Projects/Prj_simprof/implementation/ilmb_wrapper.ngc"...
Loading design module
"D:/Pavan_FPGA_Projects/Prj_simprof/implementation/dlmb_wrapper.ngc"...
Loading design module
"D:/Pavan_FPGA_Projects/Prj_simprof/implementation/dlmb_cntlr_wrapper.ngc"...
Loading design module
"D:/Pavan_FPGA_Projects/Prj_simprof/implementation/ilmb_cntlr_wrapper.ngc"...
Loading design module
"D:/Pavan_FPGA_Projects/Prj_simprof/implementation/leds_4bit_wrapper.ngc"...
Loading design module
"D:/Pavan_FPGA_Projects/Prj_simprof/implementation/dip_switches_4bit_wrapper.ngc
"...
Loading design module
"D:/Pavan_FPGA_Projects/Prj_simprof/implementation/mdm_0_wrapper.ngc"...
Loading design module
"D:/Pavan_FPGA_Projects/Prj_simprof/implementation/simprof_0_wrapper.ngc"...
Loading design module
"D:/Pavan_FPGA_Projects/Prj_simprof/implementation/lmb_bram_wrapper.ngc"...
Gathering constraint information from source properties...
Done.

Annotating constraints to design from ucf file "system.ucf" ...
WARNING:NgdBuild:931 - The value of SIM_DEVICE on instance
   'clock_generator_0/clock_generator_0/PLL0_INST/Using_PLL_ADV.PLL_ADV_inst' of
   type PLL_ADV has been changed from 'VIRTEX5' to 'SPARTAN6' to correct
   post-ngdbuild and timing simulation for this primitive.  In order for
   functional simulation to be correct, the value of SIM_DEVICE should be
   changed in this same manner in the source netlist or constraint file.
Resolving constraint associations...
Checking Constraint Associations...
INFO:ConstraintSystem:178 - TNM 'sys_clk_pin', used in period specification
   'TS_sys_clk_pin', was traced into PLL_ADV instance
   clock_generator_0/PLL0_INST/Using_PLL_ADV.PLL_ADV_inst. The following new TNM
   groups and period specifications were generated at the PLL_ADV output(s): 
   CLKOUT0: <TIMESPEC TS_clock_generator_0_clock_generator_0_SIG_PLL0_CLKOUT0 =
   PERIOD "clock_generator_0_clock_generator_0_SIG_PLL0_CLKOUT0" TS_sys_clk_pin
   * 0.25 HIGH 50%>

Done...

Processing BMM file "system.bmm" ...

Checking expanded design ...
WARNING:NgdBuild:443 - SFF primitive
   'microblaze_0/microblaze_0/Performance.Decode_I/Using_FPGA.Gen_Bits[27].MEM_E
   X_Result_Inst' has unconnected output pin
WARNING:NgdBuild:478 - clock net mdm_0/bscan_drck1 with clock driver
   mdm_0/mdm_0/BUFG_DRCK1 drives no clock pins

Partition Implementation Status
-------------------------------

  No Partitions were found in this design.

-------------------------------

NGDBUILD Design Results Summary:
  Number of errors:     0
  Number of warnings:   3

Writing NGD file "system.ngd" ...
Total REAL time to NGDBUILD completion:  4 sec
Total CPU time to NGDBUILD completion:   4 sec

Writing NGDBUILD log file "system.bld"...

NGDBUILD done.



#----------------------------------------------#
# Starting program map
# map -o system_map.ncd -w -pr b -ol high -timing -detail system.ngd system.pcf 
#----------------------------------------------#
Release 13.1 - Map O.40d (nt)
Copyright (c) 1995-2011 Xilinx, Inc.  All rights reserved.
PMSPEC -- Overriding Xilinx file
<C:/Xilinx/13.1/ISE_DS/EDK/data/Xdh_PrimTypeLib.xda> with local file
<C:/Xilinx/13.1/ISE_DS/ISE/data/Xdh_PrimTypeLib.xda>
Using target part "6slx45tfgg484-3".
Mapping design into LUTs...
Writing file system_map.ngm...
Running directed packing...
Running delay-based LUT packing...
Updating timing models...
INFO:Map:215 - The Interim Design Summary has been generated in the MAP Report
   (.mrp).
Running timing-driven placement...
Total REAL time at the beginning of Placer: 16 secs 
Total CPU  time at the beginning of Placer: 10 secs 

Phase 1.1  Initial Placement Analysis
Phase 1.1  Initial Placement Analysis (Checksum:71a7155b) REAL time: 19 secs 

Phase 2.7  Design Feasibility Check
WARNING:Place:838 - An IO Bus with more than one IO standard is found.
   Components associated with this bus are as follows: 
   	 Comp: fpga_0_DIP_Switches_4Bit_GPIO_IO_pin<3>   IOSTANDARD = LVCMOS15
   	 Comp: fpga_0_DIP_Switches_4Bit_GPIO_IO_pin<2>   IOSTANDARD = LVCMOS25
   	 Comp: fpga_0_DIP_Switches_4Bit_GPIO_IO_pin<1>   IOSTANDARD = LVCMOS25
   	 Comp: fpga_0_DIP_Switches_4Bit_GPIO_IO_pin<0>   IOSTANDARD = LVCMOS25


INFO:Place:834 - Only a subset of IOs are locked. Out of 46 IOs, 13 are locked
   and 33 are not locked. If you would like to print the names of these IOs,
   please set the environment variable XIL_PAR_DESIGN_CHECK_VERBOSE to 1. 
Phase 2.7  Design Feasibility Check (Checksum:71a7155b) REAL time: 19 secs 

Phase 3.31  Local Placement Optimization
Phase 3.31  Local Placement Optimization (Checksum:ddec7649) REAL time: 19 secs 

Phase 4.2  Initial Placement for Architecture Specific Features
...
Phase 4.2  Initial Placement for Architecture Specific Features (Checksum:1e77d311) REAL time: 33 secs 

Phase 5.36  Local Placement Optimization
Phase 5.36  Local Placement Optimization (Checksum:1e77d311) REAL time: 33 secs 

Phase 6.30  Global Clock Region Assignment
Phase 6.30  Global Clock Region Assignment (Checksum:1e77d311) REAL time: 33 secs 

Phase 7.3  Local Placement Optimization
...
Phase 7.3  Local Placement Optimization (Checksum:b159cf6a) REAL time: 34 secs 

Phase 8.5  Local Placement Optimization
Phase 8.5  Local Placement Optimization (Checksum:b159cf6a) REAL time: 34 secs 

Phase 9.8  Global Placement
...............................................................................................
................
Phase 9.8  Global Placement (Checksum:84566bf6) REAL time: 38 secs 

Phase 10.5  Local Placement Optimization
Phase 10.5  Local Placement Optimization (Checksum:84566bf6) REAL time: 38 secs 

Phase 11.18  Placement Optimization
Phase 11.18  Placement Optimization (Checksum:d80dc2c3) REAL time: 43 secs 

Phase 12.5  Local Placement Optimization
Phase 12.5  Local Placement Optimization (Checksum:d80dc2c3) REAL time: 43 secs 

Phase 13.34  Placement Validation
Phase 13.34  Placement Validation (Checksum:f55bfbd9) REAL time: 43 secs 

Total REAL time to Placer completion: 46 secs 
Total CPU  time to Placer completion: 39 secs 
Running post-placement packing...
Writing output files...

Design Summary:
Number of errors:      0
Number of warnings:   19
Slice Logic Utilization:
  Number of Slice Registers:                 1,773 out of  54,576    3%
    Number used as Flip Flops:               1,767
    Number used as Latches:                      0
    Number used as Latch-thrus:                  0
    Number used as AND/OR logics:                6
  Number of Slice LUTs:                      2,021 out of  27,288    7%
    Number used as logic:                    1,837 out of  27,288    6%
      Number using O6 output only:           1,470
      Number using O5 output only:              79
      Number using O5 and O6:                  288
      Number used as ROM:                        0
    Number used as Memory:                     147 out of   6,408    2%
      Number used as Dual Port RAM:             64
        Number using O6 output only:             0
        Number using O5 output only:             0
        Number using O5 and O6:                 64
      Number used as Single Port RAM:            0
      Number used as Shift Register:            83
        Number using O6 output only:            26
        Number using O5 output only:             1
        Number using O5 and O6:                 56
    Number used exclusively as route-thrus:     37
      Number with same-slice register load:     32
      Number with same-slice carry load:         5
      Number with other load:                    0

Slice Logic Distribution:
  Number of occupied Slices:                   879 out of   6,822   12%
  Number of LUT Flip Flop pairs used:        2,546
    Number with an unused Flip Flop:           864 out of   2,546   33%
    Number with an unused LUT:                 525 out of   2,546   20%
    Number of fully used LUT-FF pairs:       1,157 out of   2,546   45%
    Number of unique control sets:             124
    Number of slice register sites lost
      to control set restrictions:             502 out of  54,576    1%

  A LUT Flip Flop pair for this architecture represents one LUT paired with
  one Flip Flop within a slice.  A control set is a unique combination of
  clock, reset, set, and enable signals for a registered element.
  The Slice Logic Distribution report is not meaningful if the design is
  over-mapped for a non-slice resource or if Placement fails.

IO Utilization:
  Number of bonded IOBs:                        46 out of     296   15%
    Number of LOCed IOBs:                       13 out of      46   28%
    IOB Flip Flops:                             10

Specific Feature Utilization:
  Number of RAMB16BWERs:                         4 out of     116    3%
  Number of RAMB8BWERs:                          0 out of     232    0%
  Number of BUFIO2/BUFIO2_2CLKs:                 1 out of      32    3%
    Number used as BUFIO2s:                      1
    Number used as BUFIO2_2CLKs:                 0
  Number of BUFIO2FB/BUFIO2FB_2CLKs:             0 out of      32    0%
  Number of BUFG/BUFGMUXs:                       2 out of      16   12%
    Number used as BUFGs:                        2
    Number used as BUFGMUX:                      0
  Number of DCM/DCM_CLKGENs:                     0 out of       8    0%
  Number of ILOGIC2/ISERDES2s:                   1 out of     376    1%
    Number used as ILOGIC2s:                     1
    Number used as ISERDES2s:                    0
  Number of IODELAY2/IODRP2/IODRP2_MCBs:         0 out of     376    0%
  Number of OLOGIC2/OSERDES2s:                   9 out of     376    2%
    Number used as OLOGIC2s:                     9
    Number used as OSERDES2s:                    0
  Number of BSCANs:                              1 out of       4   25%
  Number of BUFHs:                               0 out of     256    0%
  Number of BUFPLLs:                             0 out of       8    0%
  Number of BUFPLL_MCBs:                         0 out of       4    0%
  Number of DSP48A1s:                            3 out of      58    5%
  Number of GTPA1_DUALs:                         0 out of       2    0%
  Number of ICAPs:                               0 out of       1    0%
  Number of MCBs:                                0 out of       2    0%
  Number of PCIE_A1s:                            0 out of       1    0%
  Number of PCILOGICSEs:                         0 out of       2    0%
  Number of PLL_ADVs:                            1 out of       4   25%
  Number of PMVs:                                0 out of       1    0%
  Number of STARTUPs:                            0 out of       1    0%
  Number of SUSPEND_SYNCs:                       0 out of       1    0%

Average Fanout of Non-Clock Nets:                3.83

Peak Memory Usage:  461 MB
Total REAL time to MAP completion:  49 secs 
Total CPU time to MAP completion:   41 secs 

Mapping completed.
See MAP report file "system_map.mrp" for details.



#----------------------------------------------#
# Starting program par
# par -w -ol high system_map.ncd system.ncd system.pcf 
#----------------------------------------------#
Release 13.1 - par O.40d (nt)
Copyright (c) 1995-2011 Xilinx, Inc.  All rights reserved.
PMSPEC -- Overriding Xilinx file <C:/Xilinx/13.1/ISE_DS/EDK/data/parBmgr.acd> with local file
<C:/Xilinx/13.1/ISE_DS/ISE/data/parBmgr.acd>



Constraints file: system.pcf.
Loading device for application Rf_Device from file '6slx45t.nph' in environment
C:\Xilinx\13.1\ISE_DS\ISE\;C:\Xilinx\13.1\ISE_DS\EDK.
   "system" is an NCD, version 3.2, device xc6slx45t, package fgg484, speed -3

Initializing temperature to 85.000 Celsius. (default - Range: 0.000 to 85.000 Celsius)
Initializing voltage to 1.140 Volts. (default - Range: 1.140 to 1.260 Volts)


Device speed data version:  "PRODUCTION 1.17 2011-02-03".



Device Utilization Summary:

Slice Logic Utilization:
  Number of Slice Registers:                 1,773 out of  54,576    3%
    Number used as Flip Flops:               1,767
    Number used as Latches:                      0
    Number used as Latch-thrus:                  0
    Number used as AND/OR logics:                6
  Number of Slice LUTs:                      2,021 out of  27,288    7%
    Number used as logic:                    1,837 out of  27,288    6%
      Number using O6 output only:           1,470
      Number using O5 output only:              79
      Number using O5 and O6:                  288
      Number used as ROM:                        0
    Number used as Memory:                     147 out of   6,408    2%
      Number used as Dual Port RAM:             64
        Number using O6 output only:             0
        Number using O5 output only:             0
        Number using O5 and O6:                 64
      Number used as Single Port RAM:            0
      Number used as Shift Register:            83
        Number using O6 output only:            26
        Number using O5 output only:             1
        Number using O5 and O6:                 56
    Number used exclusively as route-thrus:     37
      Number with same-slice register load:     32
      Number with same-slice carry load:         5
      Number with other load:                    0

Slice Logic Distribution:
  Number of occupied Slices:                   879 out of   6,822   12%
  Number of LUT Flip Flop pairs used:        2,546
    Number with an unused Flip Flop:           864 out of   2,546   33%
    Number with an unused LUT:                 525 out of   2,546   20%
    Number of fully used LUT-FF pairs:       1,157 out of   2,546   45%
    Number of slice register sites lost
      to control set restrictions:               0 out of  54,576    0%

  A LUT Flip Flop pair for this architecture represents one LUT paired with
  one Flip Flop within a slice.  A control set is a unique combination of
  clock, reset, set, and enable signals for a registered element.
  The Slice Logic Distribution report is not meaningful if the design is
  over-mapped for a non-slice resource or if Placement fails.

IO Utilization:
  Number of bonded IOBs:                        46 out of     296   15%
    Number of LOCed IOBs:                       13 out of      46   28%
    IOB Flip Flops:                             10

Specific Feature Utilization:
  Number of RAMB16BWERs:                         4 out of     116    3%
  Number of RAMB8BWERs:                          0 out of     232    0%
  Number of BUFIO2/BUFIO2_2CLKs:                 1 out of      32    3%
    Number used as BUFIO2s:                      1
    Number used as BUFIO2_2CLKs:                 0
  Number of BUFIO2FB/BUFIO2FB_2CLKs:             0 out of      32    0%
  Number of BUFG/BUFGMUXs:                       2 out of      16   12%
    Number used as BUFGs:                        2
    Number used as BUFGMUX:                      0
  Number of DCM/DCM_CLKGENs:                     0 out of       8    0%
  Number of ILOGIC2/ISERDES2s:                   1 out of     376    1%
    Number used as ILOGIC2s:                     1
    Number used as ISERDES2s:                    0
  Number of IODELAY2/IODRP2/IODRP2_MCBs:         0 out of     376    0%
  Number of OLOGIC2/OSERDES2s:                   9 out of     376    2%
    Number used as OLOGIC2s:                     9
    Number used as OSERDES2s:                    0
  Number of BSCANs:                              1 out of       4   25%
  Number of BUFHs:                               0 out of     256    0%
  Number of BUFPLLs:                             0 out of       8    0%
  Number of BUFPLL_MCBs:                         0 out of       4    0%
  Number of DSP48A1s:                            3 out of      58    5%
  Number of GTPA1_DUALs:                         0 out of       2    0%
  Number of ICAPs:                               0 out of       1    0%
  Number of MCBs:                                0 out of       2    0%
  Number of PCIE_A1s:                            0 out of       1    0%
  Number of PCILOGICSEs:                         0 out of       2    0%
  Number of PLL_ADVs:                            1 out of       4   25%
  Number of PMVs:                                0 out of       1    0%
  Number of STARTUPs:                            0 out of       1    0%
  Number of SUSPEND_SYNCs:                       0 out of       1    0%


Overall effort level (-ol):   High 
Router effort level (-rl):    High 

Starting initial Timing Analysis.  REAL time: 12 secs 
Finished initial Timing Analysis.  REAL time: 12 secs 

WARNING:Par:288 - The signal microblaze_0/microblaze_0/Performance.Data_Flow_I/Register_File_I/Using_LUT6.All_RAM32M[8].ram32m_i_RAMD_D1_O
   has no load.  PAR will not attempt to route this signal.
WARNING:Par:288 - The signal microblaze_0/microblaze_0/Performance.Data_Flow_I/Register_File_I/Using_LUT6.All_RAM32M[9].ram32m_i_RAMD_D1_O
   has no load.  PAR will not attempt to route this signal.
WARNING:Par:288 - The signal dlmb_LMB_ABus<30> has no load.  PAR will not attempt to route this signal.
WARNING:Par:288 - The signal microblaze_0/microblaze_0/Performance.Data_Flow_I/Register_File_I/Using_LUT6.All_RAM32M[10].ram32m_i_RAMD_D1_O
   has no load.  PAR will not attempt to route this signal.
WARNING:Par:288 - The signal microblaze_0/microblaze_0/Performance.Data_Flow_I/Register_File_I/Using_LUT6.All_RAM32M[12].ram32m_i_RAMD_D1_O
   has no load.  PAR will not attempt to route this signal.
WARNING:Par:288 - The signal microblaze_0/microblaze_0/Performance.Data_Flow_I/Register_File_I/Using_LUT6.All_RAM32M[13].ram32m_i_RAMD_D1_O
   has no load.  PAR will not attempt to route this signal.
WARNING:Par:288 - The signal microblaze_0/microblaze_0/Performance.Data_Flow_I/Register_File_I/Using_LUT6.All_RAM32M[6].ram32m_i_RAMD_D1_O
   has no load.  PAR will not attempt to route this signal.
WARNING:Par:288 - The signal microblaze_0/microblaze_0/Performance.Data_Flow_I/Register_File_I/Using_LUT6.All_RAM32M[4].ram32m_i_RAMD_D1_O
   has no load.  PAR will not attempt to route this signal.
WARNING:Par:288 - The signal microblaze_0/microblaze_0/Performance.Data_Flow_I/Register_File_I/Using_LUT6.All_RAM32M[5].ram32m_i_RAMD_D1_O
   has no load.  PAR will not attempt to route this signal.
WARNING:Par:288 - The signal dlmb_LMB_ABus<31> has no load.  PAR will not attempt to route this signal.
WARNING:Par:288 - The signal microblaze_0/microblaze_0/Performance.Data_Flow_I/Register_File_I/Using_LUT6.All_RAM32M[15].ram32m_i_RAMD_D1_O
   has no load.  PAR will not attempt to route this signal.
WARNING:Par:288 - The signal microblaze_0/microblaze_0/Performance.Data_Flow_I/Register_File_I/Using_LUT6.All_RAM32M[7].ram32m_i_RAMD_D1_O
   has no load.  PAR will not attempt to route this signal.
WARNING:Par:288 - The signal microblaze_0/microblaze_0/Performance.Data_Flow_I/Register_File_I/Using_LUT6.All_RAM32M[1].ram32m_i_RAMD_D1_O
   has no load.  PAR will not attempt to route this signal.
WARNING:Par:288 - The signal microblaze_0/microblaze_0/Performance.Data_Flow_I/Register_File_I/Using_LUT6.All_RAM32M[14].ram32m_i_RAMD_D1_O
   has no load.  PAR will not attempt to route this signal.
WARNING:Par:288 - The signal microblaze_0/microblaze_0/Performance.Data_Flow_I/Register_File_I/Using_LUT6.All_RAM32M[3].ram32m_i_RAMD_D1_O
   has no load.  PAR will not attempt to route this signal.
WARNING:Par:288 - The signal microblaze_0/microblaze_0/Performance.Data_Flow_I/Register_File_I/Using_LUT6.All_RAM32M[0].ram32m_i_RAMD_D1_O
   has no load.  PAR will not attempt to route this signal.
WARNING:Par:288 - The signal microblaze_0/microblaze_0/Performance.Data_Flow_I/Register_File_I/Using_LUT6.All_RAM32M[11].ram32m_i_RAMD_D1_O
   has no load.  PAR will not attempt to route this signal.
WARNING:Par:288 - The signal microblaze_0/microblaze_0/Performance.Data_Flow_I/Register_File_I/Using_LUT6.All_RAM32M[2].ram32m_i_RAMD_D1_O
   has no load.  PAR will not attempt to route this signal.
Starting Router


Phase  1  : 13512 unrouted;      REAL time: 13 secs 

Phase  2  : 11465 unrouted;      REAL time: 15 secs 

Phase  3  : 4934 unrouted;      REAL time: 23 secs 

Phase  4  : 4934 unrouted; (Setup:0, Hold:0, Component Switching Limit:0)     REAL time: 25 secs 

Updating file: system.ncd with current fully routed design.

Phase  5  : 0 unrouted; (Setup:0, Hold:0, Component Switching Limit:0)     REAL time: 31 secs 

Phase  6  : 0 unrouted; (Setup:0, Hold:0, Component Switching Limit:0)     REAL time: 31 secs 

Phase  7  : 0 unrouted; (Setup:0, Hold:0, Component Switching Limit:0)     REAL time: 31 secs 

Phase  8  : 0 unrouted; (Setup:0, Hold:0, Component Switching Limit:0)     REAL time: 31 secs 

Phase  9  : 0 unrouted; (Setup:0, Hold:0, Component Switching Limit:0)     REAL time: 31 secs 

Phase 10  : 0 unrouted; (Setup:0, Hold:0, Component Switching Limit:0)     REAL time: 31 secs 
Total REAL time to Router completion: 31 secs 
Total CPU time to Router completion: 25 secs 

Partition Implementation Status
-------------------------------

  No Partitions were found in this design.

-------------------------------

Generating "PAR" statistics.

**************************
Generating Clock Report
**************************

+---------------------+--------------+------+------+------------+-------------+
|        Clock Net    |   Resource   |Locked|Fanout|Net Skew(ns)|Max Delay(ns)|
+---------------------+--------------+------+------+------------+-------------+
|      clk_50_0000MHz |  BUFGMUX_X2Y3| No   |  737 |  0.537     |  1.749      |
+---------------------+--------------+------+------+------------+-------------+
|microblaze_0_mdm_bus |              |      |      |            |             |
|            _Dbg_Clk | BUFGMUX_X3Y13| No   |   60 |  0.060     |  1.272      |
+---------------------+--------------+------+------+------------+-------------+
|microblaze_0_mdm_bus |              |      |      |            |             |
|         _Dbg_Update |         Local|      |   20 |  5.169     |  7.486      |
+---------------------+--------------+------+------+------------+-------------+

* Net Skew is the difference between the minimum and maximum routing
only delays for the net. Note this is different from Clock Skew which
is reported in TRCE timing report. Clock Skew is the difference between
the minimum and maximum path delays which includes logic delays.

Timing Score: 0 (Setup: 0, Hold: 0, Component Switching Limit: 0)

Number of Timing Constraints that were not applied: 1

Asterisk (*) preceding a constraint indicates it was not met.
   This may be due to a setup or hold violation.

----------------------------------------------------------------------------------------------------------
  Constraint                                |    Check    | Worst Case |  Best Case | Timing |   Timing   
                                            |             |    Slack   | Achievable | Errors |    Score   
----------------------------------------------------------------------------------------------------------
  TS_sys_clk_pin = PERIOD TIMEGRP "sys_clk_ | MINLOWPULSE |     2.200ns|     2.800ns|       0|           0
  pin" 200 MHz HIGH 50%                     |             |            |            |        |            
----------------------------------------------------------------------------------------------------------
  TS_clock_generator_0_clock_generator_0_SI | SETUP       |    11.097ns|     8.903ns|       0|           0
  G_PLL0_CLKOUT0 = PERIOD TIMEGRP         " | HOLD        |     0.125ns|            |       0|           0
  clock_generator_0_clock_generator_0_SIG_P |             |            |            |        |            
  LL0_CLKOUT0" TS_sys_clk_pin         * 0.2 |             |            |            |        |            
  5 HIGH 50%                                |             |            |            |        |            
----------------------------------------------------------------------------------------------------------


Derived Constraint Report
Review Timing Report for more details on the following derived constraints.
To create a Timing Report, run "trce -v 12 -fastpaths -o design_timing_report design.ncd design.pcf"
or "Run Timing Analysis" from Timing Analyzer (timingan).
Derived Constraints for TS_sys_clk_pin
+-------------------------------+-------------+-------------+-------------+-------------+-------------+-------------+-------------+
|                               |   Period    |       Actual Period       |      Timing Errors        |      Paths Analyzed       |
|           Constraint          | Requirement |-------------+-------------|-------------+-------------|-------------+-------------|
|                               |             |   Direct    | Derivative  |   Direct    | Derivative  |   Direct    | Derivative  |
+-------------------------------+-------------+-------------+-------------+-------------+-------------+-------------+-------------+
|TS_sys_clk_pin                 |      5.000ns|      2.800ns|      2.226ns|            0|            0|            0|       213482|
| TS_clock_generator_0_clock_gen|     20.000ns|      8.903ns|          N/A|            0|            0|       213482|            0|
| erator_0_SIG_PLL0_CLKOUT0     |             |             |             |             |             |             |             |
+-------------------------------+-------------+-------------+-------------+-------------+-------------+-------------+-------------+

All constraints were met.


Generating Pad Report.

All signals are completely routed.

WARNING:Par:283 - There are 18 loadless signals in this design. This design will cause Bitgen to issue DRC warnings.

Total REAL time to PAR completion: 33 secs 
Total CPU time to PAR completion: 26 secs 

Peak Memory Usage:  461 MB

Placer: Placement generated during map.
Routing: Completed - No errors found.
Timing: Completed - No errors found.

Number of error messages: 0
Number of warning messages: 20
Number of info messages: 0

Writing design to file system.ncd



PAR done!



#----------------------------------------------#
# Starting program post_par_trce
# trce -e 3 -xml system.twx system.ncd system.pcf 
#----------------------------------------------#
Release 13.1 - Trace  (nt)
Copyright (c) 1995-2011 Xilinx, Inc.  All rights reserved.


PMSPEC -- Overriding Xilinx file
<C:/Xilinx/13.1/ISE_DS/EDK/spartan6/data/spartan6.acd> with local file
<C:/Xilinx/13.1/ISE_DS/ISE/spartan6/data/spartan6.acd>
Loading device for application Rf_Device from file '6slx45t.nph' in environment
C:\Xilinx\13.1\ISE_DS\ISE\;C:\Xilinx\13.1\ISE_DS\EDK.
   "system" is an NCD, version 3.2, device xc6slx45t, package fgg484, speed -3
--------------------------------------------------------------------------------
Release 13.1 Trace  (nt)
Copyright (c) 1995-2011 Xilinx, Inc.  All rights reserved.

C:\Xilinx\13.1\ISE_DS\ISE\bin\nt\unwrapped\trce.exe -e 3 -xml system.twx
system.ncd system.pcf


Design file:              system.ncd
Physical constraint file: system.pcf
Device,speed:             xc6slx45t,-3 (PRODUCTION 1.17 2011-02-03)
Report level:             error report
--------------------------------------------------------------------------------

INFO:Timing:2752 - To get complete path coverage, use the unconstrained paths option. All paths that are not constrained will be reported in
   the unconstrained paths section(s) of the report.
INFO:Timing:3339 - The clock-to-out numbers in this timing report are based on a 50 Ohm transmission line loading model.  For the details of
   this model, and for more information on accounting for different loading conditions, please see the device datasheet.


Timing summary:
---------------

Timing errors: 0  Score: 0 (Setup/Max: 0, Hold: 0)

Constraints cover 213482 paths, 0 nets, and 11338 connections

Design statistics:
   Minimum period:   8.903ns (Maximum frequency: 112.322MHz)


Analysis completed Wed Aug 26 09:44:37 2015
--------------------------------------------------------------------------------

Generating Report ...

Number of warnings: 0
Number of info messages: 2
Total time: 7 secs 


