Generated Block Diagram.
Rasterizing microblaze_0.jpg.....
Rasterizing mb_plb.jpg.....
Rasterizing ilmb.jpg.....
Rasterizing dlmb.jpg.....
Rasterizing dlmb_cntlr.jpg.....
Rasterizing ilmb_cntlr.jpg.....
Rasterizing lmb_bram.jpg.....
Rasterizing RS232_Uart_1.jpg.....
Rasterizing LEDs_4Bit.jpg.....
Rasterizing Push_Buttons_4Bit.jpg.....
Rasterizing DIP_Switches_4Bit.jpg.....
Rasterizing clock_generator_0.jpg.....
Rasterizing mdm_0.jpg.....
Rasterizing proc_sys_reset_0.jpg.....
Rasterizing funprof_0.jpg.....
Rasterizing chipscope_ila_0.jpg.....
Rasterizing chipscope_icon_0.jpg.....
Rasterizing system_blkd.jpg.....
Report generated.
Report generation completed.
