CoreGen has not been configured with any user repositories.
CoreGen has been configured with the following Xilinx repositories:
 - 'C:\Xilinx\13.1\ISE_DS\ISE\coregen\' []
Updating project device from '6slx45t' to 'xc6slx45t'.
INFO:encore:314 - Created non-GUI application for batch mode execution.
Wrote file for project
'D:\Pavan_FPGA_Projects\Prj_funprof_v1.0\implementation\chipscope_ila_0_wrapper\
coregen.cgp'.
INFO:sim:927 - Generating component instance 'chipscope_ila_0' of
   'xilinx.com:ip:chipscope_ila:1.04.a' from
   'C:\Xilinx\13.1\ISE_DS\ISE\coregen\iprepo\Chipscope\pcores\chipscope_ila_v1_0
   4_a\chipscope_ila_v1_04_a.xcd'.
Resolving generic values...
Initializing IP model...
Finished initializing IP model.
Finished resolving generic values.
Generating IP...
Configuring files for chipscope_ila_0 root...
Gathering HDL files for chipscope_ila_0 root...
Creating XST project for chipscope_ila_0...
Creating XST script file for chipscope_ila_0...
Creating XST instantiation file for chipscope_ila_0...
Running XST for chipscope_ila_0...
XST: HDL Parsing
XST: HDL Elaboration
XST: HDL Synthesis
XST: Advanced HDL Synthesis
XST: Low Level Synthesis
XST: Design Summary
Not generating a VHDL simulation model
Not generating a Verilog simulation model
Skipping VHDL instantiation template for chipscope_ila_0...
Skipping Verilog instantiation template for chipscope_ila_0...
Finished Generation.
Generating IP instantiation template...
Finished generating IP instantiation template.
Generating ASY schematic symbol...
Initializing IP model...
Finished initializing IP model.
Finished generating ASY schematic symbol.
Generating metadata file...
Finished generating metadata file.
Generating ISE project...
Finished generating ISE project.Generating README file...
Creating readme './tmp/_cg\chipscope_ila_0_readme.txt'.
Finished generating README file.
Generating FLIST file...
Finished FLIST file generation.
Preparing output directory...
Finished preparing output directory.
Moving files to output directory...
Finished moving files to output directory
Saved options for project 'coregen'.
